
nov 11, 2016 20:26:10.80 NEW SESSION
nov 11, 2016 20:26:10.80 [932:3540:1111/202610:ERROR:angle_platform_impl.cc(33)] ANGLE Display::initialize error 5: DXGI 1.2 required to present to HWNDs owned by another process.
nov 11, 2016 20:26:10.80 [932:3540:1111/202610:ERROR:gl_surface_egl.cc(612)] eglInitialize D3D11 failed with error EGL_NOT_INITIALIZED, trying next display type
nov 11, 2016 20:26:12.40 [1111/202612:ERROR:main_dll_loader_win.cc(196)] Could not find exported function RelaunchChromeBrowserWithNewCommandLineIfNeeded
nov 11, 2016 21:26:33.05 [1111/212633:ERROR:main_dll_loader_win.cc(196)] Could not find exported function RelaunchChromeBrowserWithNewCommandLineIfNeeded
nov 11, 2016 21:26:42.73 [4136:384:1111/212642:ERROR:angle_platform_impl.cc(33)] ANGLE Display::initialize error 5: DXGI 1.2 required to present to HWNDs owned by another process.
nov 11, 2016 21:26:42.73 [4136:384:1111/212642:ERROR:gl_surface_egl.cc(612)] eglInitialize D3D11 failed with error EGL_NOT_INITIALIZED, trying next display type
nov 11, 2016 21:26:43.69 [1111/212643:ERROR:main_dll_loader_win.cc(196)] Could not find exported function RelaunchChromeBrowserWithNewCommandLineIfNeeded
nov 11, 2016 21:26:54.02 [1111/212654:ERROR:main_dll_loader_win.cc(196)] Could not find exported function RelaunchChromeBrowserWithNewCommandLineIfNeeded
nov 11, 2016 21:26:54.02 [1111/212654:ERROR:main_dll_loader_win.cc(196)] Could not find exported function RelaunchChromeBrowserWithNewCommandLineIfNeeded
nov 11, 2016 21:30:36.14 [1708:3672:1111/213036:ERROR:angle_platform_impl.cc(33)] ANGLE Display::initialize error 5: DXGI 1.2 required to present to HWNDs owned by another process.
nov 11, 2016 21:30:36.14 [1708:3672:1111/213036:ERROR:gl_surface_egl.cc(612)] eglInitialize D3D11 failed with error EGL_NOT_INITIALIZED, trying next display type
nov 11, 2016 21:30:38.10 [1111/213038:ERROR:main_dll_loader_win.cc(196)] Could not find exported function RelaunchChromeBrowserWithNewCommandLineIfNeeded
nov 11, 2016 21:30:55.59 [1111/213055:ERROR:main_dll_loader_win.cc(196)] Could not find exported function RelaunchChromeBrowserWithNewCommandLineIfNeeded
nov 11, 2016 21:31:08.86 [4832:1572:1111/213108:ERROR:angle_platform_impl.cc(33)] ANGLE Display::initialize error 5: DXGI 1.2 required to present to HWNDs owned by another process.
nov 11, 2016 21:31:08.86 [4832:1572:1111/213108:ERROR:gl_surface_egl.cc(612)] eglInitialize D3D11 failed with error EGL_NOT_INITIALIZED, trying next display type
nov 11, 2016 21:31:10.23 [1111/213110:ERROR:main_dll_loader_win.cc(196)] Could not find exported function RelaunchChromeBrowserWithNewCommandLineIfNeeded
nov 11, 2016 21:49:41.05 [1111/214941:ERROR:main_dll_loader_win.cc(196)] Could not find exported function RelaunchChromeBrowserWithNewCommandLineIfNeeded

nov 11, 2016 22:01:20.13 NEW SESSION
nov 11, 2016 22:01:20.13 [3996:984:1111/220120:ERROR:angle_platform_impl.cc(33)] ANGLE Display::initialize error 5: DXGI 1.2 required to present to HWNDs owned by another process.
nov 11, 2016 22:01:20.18 [3996:984:1111/220120:ERROR:gl_surface_egl.cc(612)] eglInitialize D3D11 failed with error EGL_NOT_INITIALIZED, trying next display type
nov 11, 2016 22:01:56.42 [1111/220156:ERROR:main_dll_loader_win.cc(196)] Could not find exported function RelaunchChromeBrowserWithNewCommandLineIfNeeded
nov 11, 2016 22:12:33.68 [3644:2632:1111/221233:ERROR:angle_platform_impl.cc(33)] ANGLE Display::initialize error 5: DXGI 1.2 required to present to HWNDs owned by another process.
nov 11, 2016 22:12:33.70 [3644:2632:1111/221233:ERROR:gl_surface_egl.cc(612)] eglInitialize D3D11 failed with error EGL_NOT_INITIALIZED, trying next display type
nov 11, 2016 22:12:34.25 [1111/221234:ERROR:main_dll_loader_win.cc(196)] Could not find exported function RelaunchChromeBrowserWithNewCommandLineIfNeeded
nov 11, 2016 22:13:07.37 [1111/221307:ERROR:main_dll_loader_win.cc(196)] Could not find exported function RelaunchChromeBrowserWithNewCommandLineIfNeeded
nov 11, 2016 22:14:59.44 [2496:3576:1111/221459:ERROR:angle_platform_impl.cc(33)] ANGLE Display::initialize error 5: DXGI 1.2 required to present to HWNDs owned by another process.
nov 11, 2016 22:14:59.44 [2496:3576:1111/221459:ERROR:gl_surface_egl.cc(612)] eglInitialize D3D11 failed with error EGL_NOT_INITIALIZED, trying next display type
nov 11, 2016 22:15:00.62 [1111/221500:ERROR:main_dll_loader_win.cc(196)] Could not find exported function RelaunchChromeBrowserWithNewCommandLineIfNeeded
nov 11, 2016 22:22:51.97 [1111/222251:ERROR:main_dll_loader_win.cc(196)] Could not find exported function RelaunchChromeBrowserWithNewCommandLineIfNeeded
nov 11, 2016 22:24:22.28 [3868:1496:1111/222422:ERROR:angle_platform_impl.cc(33)] ANGLE Display::initialize error 5: DXGI 1.2 required to present to HWNDs owned by another process.
nov 11, 2016 22:24:22.28 [3868:1496:1111/222422:ERROR:gl_surface_egl.cc(612)] eglInitialize D3D11 failed with error EGL_NOT_INITIALIZED, trying next display type
nov 11, 2016 22:24:26.20 [1111/222426:ERROR:main_dll_loader_win.cc(196)] Could not find exported function RelaunchChromeBrowserWithNewCommandLineIfNeeded

nov 18, 2016 20:28:48.28 NEW SESSION
nov 18, 2016 20:28:48.28 [4064:5544:1118/202848:ERROR:angle_platform_impl.cc(33)] ANGLE Display::initialize error 5: DXGI 1.2 required to present to HWNDs owned by another process.
nov 18, 2016 20:28:48.37 [4064:5544:1118/202848:ERROR:gl_surface_egl.cc(612)] eglInitialize D3D11 failed with error EGL_NOT_INITIALIZED, trying next display type
nov 18, 2016 20:28:49.33 [1118/202849:ERROR:main_dll_loader_win.cc(196)] Could not find exported function RelaunchChromeBrowserWithNewCommandLineIfNeeded
nov 18, 2016 20:28:53.76 [1118/202853:ERROR:main_dll_loader_win.cc(196)] Could not find exported function RelaunchChromeBrowserWithNewCommandLineIfNeeded
nov 18, 2016 20:28:53.89 [1118/202853:ERROR:main_dll_loader_win.cc(196)] Could not find exported function RelaunchChromeBrowserWithNewCommandLineIfNeeded
nov 18, 2016 20:28:53.89 [1118/202853:ERROR:main_dll_loader_win.cc(196)] Could not find exported function RelaunchChromeBrowserWithNewCommandLineIfNeeded
nov 18, 2016 20:29:08.40 [4632:492:1118/202908:ERROR:angle_platform_impl.cc(33)] ANGLE Display::initialize error 5: DXGI 1.2 required to present to HWNDs owned by another process.
nov 18, 2016 20:29:08.40 [4632:492:1118/202908:ERROR:gl_surface_egl.cc(612)] eglInitialize D3D11 failed with error EGL_NOT_INITIALIZED, trying next display type
nov 18, 2016 20:29:09.64 [1118/202909:ERROR:main_dll_loader_win.cc(196)] Could not find exported function RelaunchChromeBrowserWithNewCommandLineIfNeeded
nov 18, 2016 20:29:10.96 [1118/202910:ERROR:main_dll_loader_win.cc(196)] Could not find exported function RelaunchChromeBrowserWithNewCommandLineIfNeeded
nov 18, 2016 20:29:29.65 [4792:4896:1118/202929:ERROR:angle_platform_impl.cc(33)] ANGLE Display::initialize error 5: DXGI 1.2 required to present to HWNDs owned by another process.
nov 18, 2016 20:29:29.65 [4792:4896:1118/202929:ERROR:gl_surface_egl.cc(612)] eglInitialize D3D11 failed with error EGL_NOT_INITIALIZED, trying next display type
nov 18, 2016 20:29:30.63 [1118/202930:ERROR:main_dll_loader_win.cc(196)] Could not find exported function RelaunchChromeBrowserWithNewCommandLineIfNeeded
nov 18, 2016 20:35:37.83 [1118/203537:ERROR:main_dll_loader_win.cc(196)] Could not find exported function RelaunchChromeBrowserWithNewCommandLineIfNeeded
nov 18, 2016 20:35:37.93 [1118/203537:ERROR:main_dll_loader_win.cc(196)] Could not find exported function RelaunchChromeBrowserWithNewCommandLineIfNeeded
nov 18, 2016 20:35:52.82 [1660:2324:1118/203552:ERROR:angle_platform_impl.cc(33)] ANGLE Display::initialize error 5: DXGI 1.2 required to present to HWNDs owned by another process.
nov 18, 2016 20:35:52.82 [1660:2324:1118/203552:ERROR:gl_surface_egl.cc(612)] eglInitialize D3D11 failed with error EGL_NOT_INITIALIZED, trying next display type
nov 18, 2016 20:35:53.64 [1118/203553:ERROR:main_dll_loader_win.cc(196)] Could not find exported function RelaunchChromeBrowserWithNewCommandLineIfNeeded
nov 18, 2016 20:37:05.77 Vector smash protection is enabled.
nov 18, 2016 20:37:35.91 [WARNING:..\..\..\..\flash\platform\pepper\pep_module.cpp(63)] SANDBOXED
nov 18, 2016 20:37:35.91 [1118/203735:ERROR:main_dll_loader_win.cc(196)] Could not find exported function RelaunchChromeBrowserWithNewCommandLineIfNeeded
nov 18, 2016 20:58:46.32 [1118/205846:ERROR:main_dll_loader_win.cc(196)] Could not find exported function RelaunchChromeBrowserWithNewCommandLineIfNeeded
nov 18, 2016 20:59:12.49 [4040:4684:1118/205912:ERROR:angle_platform_impl.cc(33)] ANGLE Display::initialize error 5: DXGI 1.2 required to present to HWNDs owned by another process.
nov 18, 2016 20:59:12.49 [4040:4684:1118/205912:ERROR:gl_surface_egl.cc(612)] eglInitialize D3D11 failed with error EGL_NOT_INITIALIZED, trying next display type
nov 18, 2016 20:59:13.38 [1118/205913:ERROR:main_dll_loader_win.cc(196)] Could not find exported function RelaunchChromeBrowserWithNewCommandLineIfNeeded
nov 18, 2016 21:06:50.95 [1118/210650:ERROR:main_dll_loader_win.cc(196)] Could not find exported function RelaunchChromeBrowserWithNewCommandLineIfNeeded
nov 18, 2016 21:12:39.03 [5516:536:1118/211239:ERROR:angle_platform_impl.cc(33)] ANGLE Display::initialize error 5: DXGI 1.2 required to present to HWNDs owned by another process.
nov 18, 2016 21:12:39.03 [5516:536:1118/211239:ERROR:gl_surface_egl.cc(612)] eglInitialize D3D11 failed with error EGL_NOT_INITIALIZED, trying next display type
nov 18, 2016 21:12:39.88 [1118/211239:ERROR:main_dll_loader_win.cc(196)] Could not find exported function RelaunchChromeBrowserWithNewCommandLineIfNeeded

nov 18, 2016 21:14:44.52 NEW SESSION
nov 18, 2016 21:14:44.52 [5360:5136:1118/211444:ERROR:angle_platform_impl.cc(33)] ANGLE Display::initialize error 5: DXGI 1.2 required to present to HWNDs owned by another process.
nov 18, 2016 21:14:44.52 [5360:5136:1118/211444:ERROR:gl_surface_egl.cc(612)] eglInitialize D3D11 failed with error EGL_NOT_INITIALIZED, trying next display type
nov 18, 2016 21:14:45.36 [1118/211445:ERROR:main_dll_loader_win.cc(196)] Could not find exported function RelaunchChromeBrowserWithNewCommandLineIfNeeded
nov 18, 2016 21:16:24.18 [1118/211624:ERROR:main_dll_loader_win.cc(196)] Could not find exported function RelaunchChromeBrowserWithNewCommandLineIfNeeded
nov 18, 2016 21:20:14.37 [3932:3928:1118/212014:ERROR:angle_platform_impl.cc(33)] ANGLE Display::initialize error 5: DXGI 1.2 required to present to HWNDs owned by another process.
nov 18, 2016 21:20:14.37 [3932:3928:1118/212014:ERROR:gl_surface_egl.cc(612)] eglInitialize D3D11 failed with error EGL_NOT_INITIALIZED, trying next display type
nov 18, 2016 21:20:17.06 [1118/212017:ERROR:main_dll_loader_win.cc(196)] Could not find exported function RelaunchChromeBrowserWithNewCommandLineIfNeeded
nov 18, 2016 21:20:27.74 [1118/212027:ERROR:main_dll_loader_win.cc(196)] Could not find exported function RelaunchChromeBrowserWithNewCommandLineIfNeeded
nov 18, 2016 21:20:27.76 [1118/212027:ERROR:main_dll_loader_win.cc(196)] Could not find exported function RelaunchChromeBrowserWithNewCommandLineIfNeeded
nov 18, 2016 21:21:53.93 [5124:1660:1118/212153:ERROR:angle_platform_impl.cc(33)] ANGLE Display::initialize error 5: DXGI 1.2 required to present to HWNDs owned by another process.
nov 18, 2016 21:21:53.93 [5124:1660:1118/212153:ERROR:gl_surface_egl.cc(612)] eglInitialize D3D11 failed with error EGL_NOT_INITIALIZED, trying next display type
nov 18, 2016 21:21:54.67 [1118/212154:ERROR:main_dll_loader_win.cc(196)] Could not find exported function RelaunchChromeBrowserWithNewCommandLineIfNeeded
nov 18, 2016 21:42:34.17 [1118/214234:ERROR:main_dll_loader_win.cc(196)] Could not find exported function RelaunchChromeBrowserWithNewCommandLineIfNeeded
